<?xml version="1.0" encoding="UTF-8"?>
<coverage generated="1701352167527" clover="3.2.0">
  <project timestamp="1701352167527" name="All files">
    <metrics statements="14" coveredstatements="11" conditionals="8" coveredconditionals="5" methods="5" coveredmethods="4" elements="27" coveredelements="20" complexity="0" loc="14" ncloc="14" packages="1" files="2" classes="2"/>
    <file name="bst-node.js" path="/home/isaackiplangat/development/Test/breakout/src/bst-node.js">
      <metrics statements="3" coveredstatements="3" conditionals="0" coveredconditionals="0" methods="1" coveredmethods="1"/>
      <line num="3" count="6" type="stmt"/>
      <line num="4" count="6" type="stmt"/>
      <line num="5" count="6" type="stmt"/>
    </file>
    <file name="bst.js" path="/home/isaackiplangat/development/Test/breakout/src/bst.js">
      <metrics statements="11" coveredstatements="8" conditionals="8" coveredconditionals="5" methods="4" coveredmethods="3"/>
      <line num="3" count="4" type="stmt"/>
      <line num="7" count="1" type="stmt"/>
      <line num="10" count="0" type="cond" truecount="0" falsecount="2"/>
      <line num="11" count="0" type="stmt"/>
      <line num="13" count="0" type="stmt"/>
      <line num="17" count="4" type="cond" truecount="2" falsecount="0"/>
      <line num="18" count="2" type="stmt"/>
      <line num="19" count="2" type="cond" truecount="2" falsecount="0"/>
      <line num="20" count="1" type="stmt"/>
      <line num="21" count="1" type="cond" truecount="1" falsecount="1"/>
      <line num="22" count="1" type="stmt"/>
    </file>
  </project>
</coverage>
