TN:
SF:/home/isaackiplangat/development/Test/breakout/src/bst-node.js
FN:2,(anonymous_0)
FNF:1
FNH:1
FNDA:6,(anonymous_0)
DA:3,6
DA:4,6
DA:5,6
LF:3
LH:3
BRF:0
BRH:0
end_of_record
TN:
SF:/home/isaackiplangat/development/Test/breakout/src/bst.js
FN:2,(anonymous_0)
FN:6,(anonymous_1)
FN:9,(anonymous_2)
FN:16,(anonymous_3)
FNF:4
FNH:3
FNDA:4,(anonymous_0)
FNDA:1,(anonymous_1)
FNDA:0,(anonymous_2)
FNDA:4,(anonymous_3)
DA:3,4
DA:7,1
DA:10,0
DA:11,0
DA:13,0
DA:17,4
DA:18,2
DA:19,2
DA:20,1
DA:21,1
DA:22,1
LF:11
LH:8
BRDA:10,0,0,0
BRDA:10,0,1,0
BRDA:17,1,0,2
BRDA:17,1,1,2
BRDA:19,2,0,1
BRDA:19,2,1,1
BRDA:21,3,0,1
BRDA:21,3,1,0
BRF:8
BRH:5
end_of_record
